#
# There is insufficient memory for the Java Runtime Environment to continue.
# Native memory allocation (mmap) failed to map 130023424 bytes. Error detail: G1 virtual space
# Possible reasons:
#   The system is out of physical RAM or swap space
#   This process is running with CompressedOops enabled, and the Java Heap may be blocking the growth of the native heap
# Possible solutions:
#   Reduce memory load on the system
#   Increase physical memory or swap space
#   Check if swap backing store is full
#   Decrease Java heap size (-Xmx/-Xms)
#   Decrease number of Java threads
#   Decrease Java thread stack sizes (-Xss)
#   Set larger code cache with -XX:ReservedCodeCacheSize=
#   JVM is running with Unscaled Compressed Oops mode in which the Java heap is
#     placed in the first 4GB address space. The Java Heap base address is the
#     maximum limit for the native heap growth. Please use -XX:HeapBaseMinAddress
#     to set the Java Heap base and to place the Java Heap above 4GB virtual address.
# This output file may be truncated or incomplete.
#
#  Out of Memory Error (os_windows.cpp:3564), pid=33492, tid=25936
#
# JRE version:  (24.0.2+12) (build )
# Java VM: OpenJDK 64-Bit Server VM (24.0.2+12-54, mixed mode, sharing, tiered, compressed oops, compressed class ptrs, g1 gc, windows-amd64)
# No core dump will be written. Minidumps are not enabled by default on client versions of Windows
#

---------------  S U M M A R Y ------------

Command Line: -Dfile.encoding=IBM850 -Dclassworlds.conf=C:\Program Files\JetBrains\IntelliJ IDEA 2025.3.3\plugins\maven\lib\maven3\bin\m2.conf -Dmaven.home=C:\Program Files\JetBrains\IntelliJ IDEA 2025.3.3\plugins\maven\lib\maven3 -Dlibrary.jansi.path=C:\Program Files\JetBrains\IntelliJ IDEA 2025.3.3\plugins\maven\lib\maven3\lib\jansi-native -Dmaven.multiModuleProjectDirectory=C:\Users\minok\Downloads\RLIFE-JAVA-main (1)2\RLIFE-JAVA-main org.codehaus.plexus.classworlds.launcher.Launcher -Didea.version=2025.3.3 -Dmaven.ext.class.path=C:\Program Files\JetBrains\IntelliJ IDEA 2025.3.3\plugins\maven\lib\maven-event-listener.jar -Djansi.passthrough=true -Dstyle.color=always -Dmaven.repo.local=C:\Users\minok\.m2\repository org.openjfx:javafx-maven-plugin:0.0.8:run -f pom.xml

Host: 11th Gen Intel(R) Core(TM) i3-1115G4 @ 3.00GHz, 4 cores, 7G,  Windows 11 , 64 bit Build 26100 (10.0.26100.8246)
Time: Tue Apr 21 20:41:31 2026 Afr. centrale Ouest elapsed time: 2.056462 seconds (0d 0h 0m 2s)

---------------  T H R E A D  ---------------

Current thread (0x000001a7c80b4500):  JavaThread "Unknown thread" [_thread_in_vm, id=25936, stack(0x0000002c62a00000,0x0000002c62b00000) (1024K)]

Stack: [0x0000002c62a00000,0x0000002c62b00000]
Native frames: (J=compiled Java code, j=interpreted, Vv=VM code, C=native code)
V  [jvm.dll+0x730829]  (no source info available)
V  [jvm.dll+0x8d9da3]  (no source info available)
V  [jvm.dll+0x8dc28d]  (no source info available)
V  [jvm.dll+0x8dc903]  (no source info available)
V  [jvm.dll+0x2a9f56]  (no source info available)
V  [jvm.dll+0x72cd55]  (no source info available)
V  [jvm.dll+0x72066a]  (no source info available)
V  [jvm.dll+0x390b7a]  (no source info available)
V  [jvm.dll+0x398906]  (no source info available)
V  [jvm.dll+0x3850de]  (no source info available)
V  [jvm.dll+0x385398]  (no source info available)
V  [jvm.dll+0x35d10c]  (no source info available)
V  [jvm.dll+0x35ddcd]  (no source info available)
V  [jvm.dll+0x89d50f]  (no source info available)
V  [jvm.dll+0x3f979d]  (no source info available)
V  [jvm.dll+0x885b66]  (no source info available)
V  [jvm.dll+0x495e7e]  (no source info available)
V  [jvm.dll+0x497c51]  (no source info available)
C  [jli.dll+0x52a1]  (no source info available)
C  [ucrtbase.dll+0x37b0]  (no source info available)
C  [KERNEL32.DLL+0x2e8d7]  (no source info available)
C  [ntdll.dll+0x8c3fc]  (no source info available)

Lock stack of current Java thread (top to bottom):


---------------  P R O C E S S  ---------------

Threads class SMR info:
_java_thread_list=0x00007ff957adf318, length=0, elements={
}

Java Threads: ( => current thread )
Total: 0

Other Threads:
  0x000001a7c8634510 WorkerThread "GC Thread#0"                     [id=14864, stack(0x0000002c62b00000,0x0000002c62c00000) (1024K)]
  0x000001a7c8649e80 ConcurrentGCThread "G1 Main Marker"            [id=23740, stack(0x0000002c62c00000,0x0000002c62d00000) (1024K)]
  0x000001a7c864a8a0 WorkerThread "G1 Conc#0"                       [id=23812, stack(0x0000002c62d00000,0x0000002c62e00000) (1024K)]

[error occurred during error reporting (printing all threads), id 0xc0000005, EXCEPTION_ACCESS_VIOLATION (0xc0000005) at pc=0x00007ff95721138a]
VM state: not at safepoint (not fully initialized)

VM Mutex/Monitor currently owned by a thread:  ([mutex/lock_event])
[0x00007ff957b645f0] Heap_lock - owner thread: 0x000001a7c80b4500

Heap address: 0x0000000084000000, size: 1984 MB, Compressed Oops mode: 32-bit

CDS archive(s) mapped at: [0x0000000000000000-0x0000000000000000-0x0000000000000000), size 0, SharedBaseAddress: 0x0000000800000000, ArchiveRelocationMode: 1.
UseCompressedClassPointers 1, UseCompactObjectHeaders 0
Narrow klass pointer bits 32, Max shift 3
Narrow klass base: 0xffffffffffffffff, Narrow klass shift: -1
Encoding Range: [0xffffffffffffffff - 0x000000007fffffff), (2147483648 bytes)
Klass Range:    [0x0000000000000000 - 0x0000000000000000), (0 bytes)
Klass ID Range:  [4294967295 - 0) (1)

GC Precious Log:
 CardTable entry size: 512
 Card Set container configuration: InlinePtr #cards 5 size 8 Array Of Cards #cards 10 size 36 Howl #buckets 4 coarsen threshold 1843 Howl Bitmap #cards 512 size 80 coarsen threshold 460 Card regions per heap region 1 cards per card region 2048

Heap:
 garbage-first heap   total reserved 2031616K, committed 0K, used 0K [0x0000000084000000, 0x0000000100000000)
  region size 1024K, 0 young (0K), 0 survivors (0K)

[error occurred during error reporting (printing heap information), id 0xc0000005, EXCEPTION_ACCESS_VIOLATION (0xc0000005) at pc=0x00007ff95762e679]
GC Heap History (0 events):
No events

Dll operation events (1 events):
Event: 0.136 Loaded shared library C:\Users\minok\.jdks\openjdk-24.0.2+12-54-1\bin\java.dll

Deoptimization events (0 events):
No events

Classes loaded (0 events):
No events

Classes unloaded (0 events):
No events

Classes redefined (0 events):
No events

Internal exceptions (0 events):
No events

VM Operations (0 events):
No events

Memory protections (0 events):
No events

Nmethod flushes (0 events):
No events

Events (0 events):
No events


Dynamic libraries:
0x00007ff76e4a0000 - 0x00007ff76e4ae000 	C:\Users\minok\.jdks\openjdk-24.0.2+12-54-1\bin\java.exe
0x00007ff9bb7a0000 - 0x00007ff9bba07000 	C:\WINDOWS\SYSTEM32\ntdll.dll
0x00007ff9bad50000 - 0x00007ff9bae19000 	C:\WINDOWS\System32\KERNEL32.DLL
0x00007ff9b8660000 - 0x00007ff9b8a54000 	C:\WINDOWS\System32\KERNELBASE.dll
0x00007ff9b8510000 - 0x00007ff9b865b000 	C:\WINDOWS\System32\ucrtbase.dll
0x00007ff97cea0000 - 0x00007ff97ceb6000 	C:\Users\minok\.jdks\openjdk-24.0.2+12-54-1\bin\jli.dll
0x00007ff9ba330000 - 0x00007ff9ba4f5000 	C:\WINDOWS\System32\USER32.dll
0x00007ff9b8a60000 - 0x00007ff9b8a87000 	C:\WINDOWS\System32\win32u.dll
0x00007ff9b9600000 - 0x00007ff9b962b000 	C:\WINDOWS\System32\GDI32.dll
0x00007ff9b8330000 - 0x00007ff9b845b000 	C:\WINDOWS\System32\gdi32full.dll
0x00007ff9b8460000 - 0x00007ff9b8503000 	C:\WINDOWS\System32\msvcp_win.dll
0x00007ff975240000 - 0x00007ff97525b000 	C:\Users\minok\.jdks\openjdk-24.0.2+12-54-1\bin\VCRUNTIME140.dll
0x00007ff999c40000 - 0x00007ff999ed3000 	C:\WINDOWS\WinSxS\amd64_microsoft.windows.common-controls_6595b64144ccf1df_6.0.26100.8115_none_3e075c82e3354f9c\COMCTL32.dll
0x00007ff9ba8b0000 - 0x00007ff9ba959000 	C:\WINDOWS\System32\msvcrt.dll
0x00007ff9bad00000 - 0x00007ff9bad32000 	C:\WINDOWS\System32\IMM32.DLL
0x00007ff974cb0000 - 0x00007ff974cbc000 	C:\Users\minok\.jdks\openjdk-24.0.2+12-54-1\bin\vcruntime140_1.dll
0x00007ff957c50000 - 0x00007ff957cde000 	C:\Users\minok\.jdks\openjdk-24.0.2+12-54-1\bin\msvcp140.dll
0x00007ff956ea0000 - 0x00007ff957c41000 	C:\Users\minok\.jdks\openjdk-24.0.2+12-54-1\bin\server\jvm.dll
0x00007ff9b9530000 - 0x00007ff9b95e6000 	C:\WINDOWS\System32\ADVAPI32.dll
0x00007ff9bb1c0000 - 0x00007ff9bb267000 	C:\WINDOWS\System32\sechost.dll
0x00007ff9baa40000 - 0x00007ff9bab58000 	C:\WINDOWS\System32\RPCRT4.dll
0x00007ff9bb3f0000 - 0x00007ff9bb470000 	C:\WINDOWS\System32\WS2_32.dll
0x00007ff9b7ed0000 - 0x00007ff9b7f2e000 	C:\WINDOWS\SYSTEM32\POWRPROF.dll
0x00007ff9adae0000 - 0x00007ff9adb16000 	C:\WINDOWS\SYSTEM32\WINMM.dll
0x00007ff9a6b80000 - 0x00007ff9a6b8b000 	C:\WINDOWS\SYSTEM32\VERSION.dll
0x00007ff9b7eb0000 - 0x00007ff9b7ec4000 	C:\WINDOWS\SYSTEM32\UMPDC.dll
0x00007ff9b6e00000 - 0x00007ff9b6e1b000 	C:\WINDOWS\SYSTEM32\kernel.appcore.dll
0x00007ff974200000 - 0x00007ff97420a000 	C:\Users\minok\.jdks\openjdk-24.0.2+12-54-1\bin\jimage.dll
0x00007ff9b5f50000 - 0x00007ff9b6192000 	C:\WINDOWS\SYSTEM32\DBGHELP.DLL
0x00007ff9bae30000 - 0x00007ff9bb1b2000 	C:\WINDOWS\System32\combase.dll
0x00007ff9ba560000 - 0x00007ff9ba638000 	C:\WINDOWS\System32\OLEAUT32.dll
0x00007ff993fe0000 - 0x00007ff99401b000 	C:\WINDOWS\SYSTEM32\dbgcore.DLL
0x00007ff9b8280000 - 0x00007ff9b8325000 	C:\WINDOWS\System32\bcryptPrimitives.dll
0x00007ff971c90000 - 0x00007ff971cae000 	C:\Users\minok\.jdks\openjdk-24.0.2+12-54-1\bin\java.dll
0x00007ff9bab60000 - 0x00007ff9bacf7000 	C:\WINDOWS\System32\ole32.dll
0x00007ff9b9ac0000 - 0x00007ff9ba227000 	C:\WINDOWS\System32\SHELL32.dll
0x00007ff9b8a90000 - 0x00007ff9b8bfa000 	C:\WINDOWS\System32\wintypes.dll

JVMTI agents: none

dbghelp: loaded successfully - version: 4.0.5 - missing functions: none
symbol engine: initialized successfully - sym options: 0x614 - pdb path: .;C:\Users\minok\.jdks\openjdk-24.0.2+12-54-1\bin;C:\WINDOWS\SYSTEM32;C:\WINDOWS\WinSxS\amd64_microsoft.windows.common-controls_6595b64144ccf1df_6.0.26100.8115_none_3e075c82e3354f9c;C:\Users\minok\.jdks\openjdk-24.0.2+12-54-1\bin\server

VM Arguments:
jvm_args: -Dfile.encoding=IBM850 -Dclassworlds.conf=C:\Program Files\JetBrains\IntelliJ IDEA 2025.3.3\plugins\maven\lib\maven3\bin\m2.conf -Dmaven.home=C:\Program Files\JetBrains\IntelliJ IDEA 2025.3.3\plugins\maven\lib\maven3 -Dlibrary.jansi.path=C:\Program Files\JetBrains\IntelliJ IDEA 2025.3.3\plugins\maven\lib\maven3\lib\jansi-native -Dmaven.multiModuleProjectDirectory=C:\Users\minok\Downloads\RLIFE-JAVA-main (1)2\RLIFE-JAVA-main 
java_command: org.codehaus.plexus.classworlds.launcher.Launcher -Didea.version=2025.3.3 -Dmaven.ext.class.path=C:\Program Files\JetBrains\IntelliJ IDEA 2025.3.3\plugins\maven\lib\maven-event-listener.jar -Djansi.passthrough=true -Dstyle.color=always -Dmaven.repo.local=C:\Users\minok\.m2\repository org.openjfx:javafx-maven-plugin:0.0.8:run -f pom.xml
java_class_path (initial): C:\Program Files\JetBrains\IntelliJ IDEA 2025.3.3\plugins\maven\lib\maven3\boot\plexus-classworlds-2.9.0.jar
Launcher Type: SUN_STANDARD

[Global flags]
     intx CICompilerCount                          = 3                                         {product} {ergonomic}
     uint ConcGCThreads                            = 1                                         {product} {ergonomic}
     uint G1ConcRefinementThreads                  = 4                                         {product} {ergonomic}
   size_t G1HeapRegionSize                         = 1048576                                   {product} {ergonomic}
   size_t InitialHeapSize                          = 130023424                                 {product} {ergonomic}
   size_t MarkStackSize                            = 4194304                                   {product} {ergonomic}
   size_t MarkStackSizeMax                         = 536870912                                 {product} {ergonomic}
   size_t MaxHeapSize                              = 2080374784                                {product} {ergonomic}
   size_t MinHeapDeltaBytes                        = 1048576                                   {product} {ergonomic}
   size_t MinHeapSize                              = 8388608                                   {product} {ergonomic}
    uintx NonNMethodCodeHeapSize                   = 5832704                                {pd product} {ergonomic}
    uintx NonProfiledCodeHeapSize                  = 122945536                              {pd product} {ergonomic}
    uintx ProfiledCodeHeapSize                     = 122880000                              {pd product} {ergonomic}
    uintx ReservedCodeCacheSize                    = 251658240                              {pd product} {ergonomic}
     bool SegmentedCodeCache                       = true                                      {product} {ergonomic}
   size_t SoftMaxHeapSize                          = 2080374784                             {manageable} {ergonomic}
     bool UseCompressedOops                        = true                           {product lp64_product} {ergonomic}
     bool UseG1GC                                  = true                                      {product} {ergonomic}
     bool UseLargePagesIndividualAllocation        = false                                  {pd product} {ergonomic}

Logging:
Log output configuration:
 #0: stdout all=warning uptime,level,tags foldmultilines=false
 #1: stderr all=off uptime,level,tags foldmultilines=false

Environment Variables:
JAVA_HOME=C:\Users\minok\.jdks\openjdk-24.0.2+12-54-1
JAVA_TOOL_OPTIONS=-Dfile.encoding=IBM850
PATH=C:\oraclexe\app\oracle\product\11.2.0\server\bin;C:\Program Files (x86)\VMware\VMware Workstation\bin\;C:\oraclexe\app\oracle\product\11.2.0\server\bin;C:\windows\system32;C:\windows;C:\windows\System32\Wbem;C:\windows\System32\WindowsPowerShell\v1.0\;C:\windows\System32\OpenSSH\;C:\instantclient12_2;C:\oraclexe\app\oracle\admin\XE;C:\oraclexe;C:\Program Files\Git\cmd;C:\xampp\php;C:\composer;C:\WINDOWS\system32;C:\WINDOWS;C:\WINDOWS\System32\Wbem;C:\WINDOWS\System32\WindowsPowerShell\v1.0\;C:\WINDOWS\System32\OpenSSH\;C:\Program Files\nodejs\;C:\Users\minok\scoop\shims;C:\Users\minok\AppData\Local\Microsoft\WindowsApps;C:\Users\minok\AppData\Local\Programs\Microsoft VS Code\bin;C:\Users\minok\AppData\Roaming\Composer\vendor\bin;C:\Users\minok\Downloads\flex-2.5.4a-1-bin\bin;C:\Users\minok\AppData\Roaming\npm;C:\Program Files\JetBrains\IntelliJ IDEA 2025.3.3\bin
USERNAME=minok
OS=Windows_NT
PROCESSOR_IDENTIFIER=Intel64 Family 6 Model 140 Stepping 2, GenuineIntel
TMP=C:\Users\minok\AppData\Local\Temp
TEMP=C:\Users\minok\AppData\Local\Temp




Periodic native trim disabled

---------------  S Y S T E M  ---------------

OS:
 Windows 11 , 64 bit Build 26100 (10.0.26100.8246)
OS uptime: 2 days 10:47 hours

CPU: total 4 (initial active 4) (2 cores per cpu, 2 threads per core) family 6 model 140 stepping 2 microcode 0x2c, cx8, cmov, fxsr, ht, mmx, 3dnowpref, sse, sse2, sse3, ssse3, sse4.1, sse4.2, popcnt, lzcnt, tsc, tscinvbit, avx, avx2, aes, erms, clmul, bmi1, bmi2, adx, avx512f, avx512dq, avx512cd, avx512bw, avx512vl, sha, fma, vzeroupper, avx512_vpopcntdq, avx512_vpclmulqdq, avx512_vaes, avx512_vnni, clflush, clflushopt, clwb, avx512_vbmi2, avx512_vbmi, rdtscp, rdpid, fsrm, gfni, avx512_bitalg, f16c, pku, cet_ibt, cet_ss, avx512_ifma
Processor Information for processor 0
  Max Mhz: 2995, Current Mhz: 2995, Mhz Limit: 2995
Processor Information for processor 1
  Max Mhz: 2995, Current Mhz: 1198, Mhz Limit: 2995
Processor Information for processor 2
  Max Mhz: 2995, Current Mhz: 2995, Mhz Limit: 2995
Processor Information for processor 3
  Max Mhz: 2995, Current Mhz: 2995, Mhz Limit: 2995

Memory: 4k page, system-wide physical 7932M (448M free)
TotalPageFile size 32508M (AvailPageFile size 52M)
current process WorkingSet (physical memory assigned to process): 13M, peak: 13M
current process commit charge ("private bytes"): 52M, peak: 176M

vm_info: OpenJDK 64-Bit Server VM (24.0.2+12-54) for windows-amd64 JRE (24.0.2+12-54), built on 2025-07-08T12:10:27Z with MS VC++ 17.6 (VS2022)

END.
